{"D:/Rolling scopes/_REACT/react_rss_2025/src/main.tsx": {"path":"D:/Rolling scopes/_REACT/react_rss_2025/src/main.tsx","statementMap":{"0":{"start":{"line":9,"column":0},"end":{"line":19,"column":null}}},"fnMap":{},"branchMap":{},"s":{"0":0},"f":{},"b":{}}
,"D:/Rolling scopes/_REACT/react_rss_2025/src/app/App.tsx": {"path":"D:/Rolling scopes/_REACT/react_rss_2025/src/app/App.tsx","statementMap":{"0":{"start":{"line":8,"column":22},"end":{"line":19,"column":null}},"1":{"start":{"line":9,"column":20},"end":{"line":9,"column":null}},"2":{"start":{"line":11,"column":2},"end":{"line":17,"column":null}}},"fnMap":{"0":{"name":"(anonymous_0)","decl":{"start":{"line":8,"column":22},"end":{"line":8,"column":28}},"loc":{"start":{"line":8,"column":28},"end":{"line":19,"column":null}}}},"branchMap":{},"s":{"0":1,"1":2,"2":2},"f":{"0":2},"b":{}}
,"D:/Rolling scopes/_REACT/react_rss_2025/src/app/routes.tsx": {"path":"D:/Rolling scopes/_REACT/react_rss_2025/src/app/routes.tsx","statementMap":{"0":{"start":{"line":6,"column":25},"end":{"line":15,"column":null}},"1":{"start":{"line":7,"column":2},"end":{"line":13,"column":null}}},"fnMap":{"0":{"name":"(anonymous_0)","decl":{"start":{"line":6,"column":25},"end":{"line":6,"column":31}},"loc":{"start":{"line":6,"column":31},"end":{"line":15,"column":null}}}},"branchMap":{},"s":{"0":2,"1":5},"f":{"0":5},"b":{}}
,"D:/Rolling scopes/_REACT/react_rss_2025/src/app/context/ThemeContext.tsx": {"path":"D:/Rolling scopes/_REACT/react_rss_2025/src/app/context/ThemeContext.tsx","statementMap":{"0":{"start":{"line":10,"column":21},"end":{"line":13,"column":null}},"1":{"start":{"line":15,"column":70},"end":{"line":26,"column":null}},"2":{"start":{"line":16,"column":22},"end":{"line":16,"column":null}},"3":{"start":{"line":17,"column":30},"end":{"line":17,"column":null}},"4":{"start":{"line":18,"column":28},"end":{"line":18,"column":null}},"5":{"start":{"line":20,"column":22},"end":{"line":23,"column":null}},"6":{"start":{"line":21,"column":4},"end":{"line":21,"column":null}},"7":{"start":{"line":22,"column":4},"end":{"line":22,"column":null}},"8":{"start":{"line":22,"column":29},"end":{"line":22,"column":70}},"9":{"start":{"line":25,"column":2},"end":{"line":25,"column":null}}},"fnMap":{"0":{"name":"(anonymous_0)","decl":{"start":{"line":12,"column":15},"end":{"line":12,"column":21}},"loc":{"start":{"line":12,"column":21},"end":{"line":12,"column":null}}},"1":{"name":"(anonymous_1)","decl":{"start":{"line":15,"column":70},"end":{"line":15,"column":71}},"loc":{"start":{"line":15,"column":88},"end":{"line":26,"column":null}}},"2":{"name":"(anonymous_2)","decl":{"start":{"line":20,"column":22},"end":{"line":20,"column":28}},"loc":{"start":{"line":20,"column":28},"end":{"line":23,"column":null}}},"3":{"name":"(anonymous_3)","decl":{"start":{"line":22,"column":13},"end":{"line":22,"column":14}},"loc":{"start":{"line":22,"column":29},"end":{"line":22,"column":70}}}},"branchMap":{"0":{"loc":{"start":{"line":17,"column":30},"end":{"line":17,"column":null}},"type":"binary-expr","locations":[{"start":{"line":17,"column":30},"end":{"line":17,"column":45}},{"start":{"line":17,"column":45},"end":{"line":17,"column":null}}]},"1":{"loc":{"start":{"line":21,"column":44},"end":{"line":21,"column":79}},"type":"cond-expr","locations":[{"start":{"line":21,"column":63},"end":{"line":21,"column":73}},{"start":{"line":21,"column":73},"end":{"line":21,"column":79}}]},"2":{"loc":{"start":{"line":22,"column":29},"end":{"line":22,"column":70}},"type":"cond-expr","locations":[{"start":{"line":22,"column":53},"end":{"line":22,"column":62}},{"start":{"line":22,"column":62},"end":{"line":22,"column":70}}]}},"s":{"0":2,"1":2,"2":6,"3":6,"4":6,"5":6,"6":2,"7":2,"8":2,"9":6},"f":{"0":0,"1":6,"2":2,"3":2},"b":{"0":[6,4],"1":[1,1],"2":[1,1]}}
,"D:/Rolling scopes/_REACT/react_rss_2025/src/comps/card/Card.tsx": {"path":"D:/Rolling scopes/_REACT/react_rss_2025/src/comps/card/Card.tsx","statementMap":{"0":{"start":{"line":5,"column":34},"end":{"line":22,"column":null}},"1":{"start":{"line":6,"column":2},"end":{"line":20,"column":null}},"2":{"start":{"line":18,"column":24},"end":{"line":18,"column":null}}},"fnMap":{"0":{"name":"(anonymous_0)","decl":{"start":{"line":5,"column":34},"end":{"line":5,"column":35}},"loc":{"start":{"line":5,"column":95},"end":{"line":22,"column":null}}},"1":{"name":"(anonymous_1)","decl":{"start":{"line":18,"column":17},"end":{"line":18,"column":18}},"loc":{"start":{"line":18,"column":24},"end":{"line":18,"column":null}}}},"branchMap":{},"s":{"0":3,"1":8,"2":1},"f":{"0":8,"1":1},"b":{}}
,"D:/Rolling scopes/_REACT/react_rss_2025/src/comps/cardList/CardList.tsx": {"path":"D:/Rolling scopes/_REACT/react_rss_2025/src/comps/cardList/CardList.tsx","statementMap":{"0":{"start":{"line":13,"column":42},"end":{"line":72,"column":null}},"1":{"start":{"line":14,"column":19},"end":{"line":14,"column":null}},"2":{"start":{"line":15,"column":19},"end":{"line":15,"column":null}},"3":{"start":{"line":16,"column":19},"end":{"line":16,"column":null}},"4":{"start":{"line":18,"column":42},"end":{"line":18,"column":null}},"5":{"start":{"line":19,"column":21},"end":{"line":19,"column":null}},"6":{"start":{"line":19,"column":55},"end":{"line":19,"column":78}},"7":{"start":{"line":20,"column":24},"end":{"line":20,"column":null}},"8":{"start":{"line":20,"column":58},"end":{"line":20,"column":83}},"9":{"start":{"line":22,"column":31},"end":{"line":27,"column":null}},"10":{"start":{"line":24,"column":6},"end":{"line":24,"column":null}},"11":{"start":{"line":29,"column":26},"end":{"line":34,"column":null}},"12":{"start":{"line":31,"column":6},"end":{"line":31,"column":null}},"13":{"start":{"line":31,"column":38},"end":{"line":31,"column":null}},"14":{"start":{"line":36,"column":27},"end":{"line":38,"column":null}},"15":{"start":{"line":37,"column":4},"end":{"line":37,"column":null}},"16":{"start":{"line":40,"column":22},"end":{"line":40,"column":null}},"17":{"start":{"line":41,"column":8},"end":{"line":41,"column":null}},"18":{"start":{"line":42,"column":19},"end":{"line":42,"column":null}},"19":{"start":{"line":43,"column":21},"end":{"line":43,"column":null}},"20":{"start":{"line":44,"column":18},"end":{"line":44,"column":null}},"21":{"start":{"line":46,"column":2},"end":{"line":48,"column":null}},"22":{"start":{"line":47,"column":4},"end":{"line":47,"column":null}},"23":{"start":{"line":50,"column":2},"end":{"line":70,"column":null}},"24":{"start":{"line":54,"column":10},"end":{"line":61,"column":null}},"25":{"start":{"line":58,"column":27},"end":{"line":58,"column":null}},"26":{"start":{"line":60,"column":37},"end":{"line":60,"column":null}}},"fnMap":{"0":{"name":"(anonymous_0)","decl":{"start":{"line":13,"column":42},"end":{"line":13,"column":43}},"loc":{"start":{"line":13,"column":56},"end":{"line":72,"column":null}}},"1":{"name":"(anonymous_1)","decl":{"start":{"line":19,"column":33},"end":{"line":19,"column":34}},"loc":{"start":{"line":19,"column":55},"end":{"line":19,"column":78}}},"2":{"name":"(anonymous_2)","decl":{"start":{"line":20,"column":36},"end":{"line":20,"column":37}},"loc":{"start":{"line":20,"column":58},"end":{"line":20,"column":83}}},"3":{"name":"(anonymous_3)","decl":{"start":{"line":23,"column":4},"end":{"line":23,"column":5}},"loc":{"start":{"line":23,"column":41},"end":{"line":25,"column":null}}},"4":{"name":"(anonymous_4)","decl":{"start":{"line":30,"column":4},"end":{"line":30,"column":5}},"loc":{"start":{"line":30,"column":25},"end":{"line":32,"column":null}}},"5":{"name":"(anonymous_5)","decl":{"start":{"line":36,"column":27},"end":{"line":36,"column":28}},"loc":{"start":{"line":36,"column":45},"end":{"line":38,"column":null}}},"6":{"name":"(anonymous_6)","decl":{"start":{"line":53,"column":21},"end":{"line":53,"column":22}},"loc":{"start":{"line":54,"column":10},"end":{"line":61,"column":null}}},"7":{"name":"(anonymous_7)","decl":{"start":{"line":58,"column":21},"end":{"line":58,"column":27}},"loc":{"start":{"line":58,"column":27},"end":{"line":58,"column":null}}},"8":{"name":"(anonymous_8)","decl":{"start":{"line":60,"column":30},"end":{"line":60,"column":31}},"loc":{"start":{"line":60,"column":37},"end":{"line":60,"column":null}}}},"branchMap":{"0":{"loc":{"start":{"line":24,"column":15},"end":{"line":24,"column":57}},"type":"cond-expr","locations":[{"start":{"line":24,"column":27},"end":{"line":24,"column":42}},{"start":{"line":24,"column":42},"end":{"line":24,"column":57}}]},"1":{"loc":{"start":{"line":31,"column":6},"end":{"line":31,"column":null}},"type":"if","locations":[{"start":{"line":31,"column":6},"end":{"line":31,"column":null}},{"start":{},"end":{}}]},"2":{"loc":{"start":{"line":40,"column":31},"end":{"line":40,"column":64}},"type":"binary-expr","locations":[{"start":{"line":40,"column":31},"end":{"line":40,"column":59}},{"start":{"line":40,"column":59},"end":{"line":40,"column":64}}]},"3":{"loc":{"start":{"line":43,"column":21},"end":{"line":43,"column":null}},"type":"binary-expr","locations":[{"start":{"line":43,"column":21},"end":{"line":43,"column":44}},{"start":{"line":43,"column":44},"end":{"line":43,"column":null}}]},"4":{"loc":{"start":{"line":44,"column":18},"end":{"line":44,"column":null}},"type":"binary-expr","locations":[{"start":{"line":44,"column":18},"end":{"line":44,"column":63}},{"start":{"line":44,"column":63},"end":{"line":44,"column":null}}]},"5":{"loc":{"start":{"line":46,"column":2},"end":{"line":48,"column":null}},"type":"if","locations":[{"start":{"line":46,"column":2},"end":{"line":48,"column":null}},{"start":{},"end":{}}]}},"s":{"0":3,"1":12,"2":12,"3":12,"4":12,"5":12,"6":16,"7":12,"8":16,"9":12,"10":2,"11":12,"12":4,"13":3,"14":12,"15":1,"16":12,"17":12,"18":12,"19":12,"20":12,"21":12,"22":3,"23":9,"24":33,"25":4,"26":2},"f":{"0":12,"1":16,"2":16,"3":2,"4":4,"5":1,"6":33,"7":4,"8":2},"b":{"0":[1,1],"1":[3,1],"2":[12,4],"3":[12,3],"4":[12,3],"5":[3,9]}}
,"D:/Rolling scopes/_REACT/react_rss_2025/src/comps/errorBoundary/ErrorBoundary.tsx": {"path":"D:/Rolling scopes/_REACT/react_rss_2025/src/comps/errorBoundary/ErrorBoundary.tsx","statementMap":{"0":{"start":{"line":5,"column":18},"end":{"line":5,"column":null}},"1":{"start":{"line":8,"column":30},"end":{"line":8,"column":null}},"2":{"start":{"line":11,"column":4},"end":{"line":11,"column":null}},"3":{"start":{"line":15,"column":4},"end":{"line":18,"column":null}},"4":{"start":{"line":19,"column":4},"end":{"line":19,"column":null}},"5":{"start":{"line":23,"column":4},"end":{"line":31,"column":null}},"6":{"start":{"line":24,"column":6},"end":{"line":29,"column":null}},"7":{"start":{"line":28,"column":33},"end":{"line":28,"column":60}},"8":{"start":{"line":32,"column":4},"end":{"line":32,"column":null}}},"fnMap":{"0":{"name":"(anonymous_0)","decl":{"start":{"line":10,"column":2},"end":{"line":10,"column":9}},"loc":{"start":{"line":10,"column":56},"end":{"line":12,"column":null}}},"1":{"name":"(anonymous_1)","decl":{"start":{"line":14,"column":2},"end":{"line":14,"column":20}},"loc":{"start":{"line":14,"column":57},"end":{"line":20,"column":null}}},"2":{"name":"(anonymous_2)","decl":{"start":{"line":22,"column":2},"end":{"line":22,"column":11}},"loc":{"start":{"line":22,"column":11},"end":{"line":33,"column":null}}},"3":{"name":"(anonymous_3)","decl":{"start":{"line":28,"column":27},"end":{"line":28,"column":33}},"loc":{"start":{"line":28,"column":33},"end":{"line":28,"column":60}}}},"branchMap":{"0":{"loc":{"start":{"line":23,"column":4},"end":{"line":31,"column":null}},"type":"if","locations":[{"start":{"line":23,"column":4},"end":{"line":31,"column":null}},{"start":{},"end":{}}]}},"s":{"0":2,"1":5,"2":2,"3":1,"4":1,"5":9,"6":3,"7":1,"8":6},"f":{"0":2,"1":1,"2":9,"3":1},"b":{"0":[3,6]}}
,"D:/Rolling scopes/_REACT/react_rss_2025/src/comps/errorButton/ErrorButton.tsx": {"path":"D:/Rolling scopes/_REACT/react_rss_2025/src/comps/errorButton/ErrorButton.tsx","statementMap":{"0":{"start":{"line":3,"column":27},"end":{"line":15,"column":null}},"1":{"start":{"line":4,"column":28},"end":{"line":4,"column":null}},"2":{"start":{"line":6,"column":2},"end":{"line":8,"column":null}},"3":{"start":{"line":7,"column":4},"end":{"line":7,"column":null}},"4":{"start":{"line":7,"column":15},"end":{"line":7,"column":null}},"5":{"start":{"line":10,"column":2},"end":{"line":13,"column":null}},"6":{"start":{"line":11,"column":27},"end":{"line":11,"column":43}}},"fnMap":{"0":{"name":"(anonymous_0)","decl":{"start":{"line":3,"column":27},"end":{"line":3,"column":33}},"loc":{"start":{"line":3,"column":33},"end":{"line":15,"column":null}}},"1":{"name":"(anonymous_1)","decl":{"start":{"line":6,"column":12},"end":{"line":6,"column":18}},"loc":{"start":{"line":6,"column":18},"end":{"line":8,"column":5}}},"2":{"name":"(anonymous_2)","decl":{"start":{"line":11,"column":21},"end":{"line":11,"column":27}},"loc":{"start":{"line":11,"column":27},"end":{"line":11,"column":43}}}},"branchMap":{"0":{"loc":{"start":{"line":7,"column":4},"end":{"line":7,"column":null}},"type":"if","locations":[{"start":{"line":7,"column":4},"end":{"line":7,"column":null}},{"start":{},"end":{}}]}},"s":{"0":3,"1":13,"2":12,"3":11,"4":1,"5":12,"6":1},"f":{"0":13,"1":11,"2":1},"b":{"0":[1,10]}}
,"D:/Rolling scopes/_REACT/react_rss_2025/src/comps/flyout/Flyout.tsx": {"path":"D:/Rolling scopes/_REACT/react_rss_2025/src/comps/flyout/Flyout.tsx","statementMap":{"0":{"start":{"line":9,"column":38},"end":{"line":55,"column":null}},"1":{"start":{"line":10,"column":19},"end":{"line":10,"column":null}},"2":{"start":{"line":11,"column":40},"end":{"line":11,"column":null}},"3":{"start":{"line":12,"column":18},"end":{"line":12,"column":null}},"4":{"start":{"line":13,"column":24},"end":{"line":13,"column":null}},"5":{"start":{"line":13,"column":58},"end":{"line":13,"column":83}},"6":{"start":{"line":15,"column":25},"end":{"line":17,"column":null}},"7":{"start":{"line":16,"column":4},"end":{"line":16,"column":null}},"8":{"start":{"line":19,"column":28},"end":{"line":21,"column":null}},"9":{"start":{"line":20,"column":4},"end":{"line":20,"column":null}},"10":{"start":{"line":23,"column":2},"end":{"line":29,"column":null}},"11":{"start":{"line":24,"column":4},"end":{"line":28,"column":null}},"12":{"start":{"line":25,"column":6},"end":{"line":25,"column":null}},"13":{"start":{"line":26,"column":6},"end":{"line":26,"column":null}},"14":{"start":{"line":27,"column":6},"end":{"line":27,"column":null}},"15":{"start":{"line":31,"column":29},"end":{"line":31,"column":null}},"16":{"start":{"line":33,"column":2},"end":{"line":33,"column":null}},"17":{"start":{"line":33,"column":32},"end":{"line":33,"column":null}},"18":{"start":{"line":35,"column":2},"end":{"line":53,"column":null}}},"fnMap":{"0":{"name":"(anonymous_0)","decl":{"start":{"line":9,"column":38},"end":{"line":9,"column":39}},"loc":{"start":{"line":9,"column":52},"end":{"line":55,"column":null}}},"1":{"name":"(anonymous_1)","decl":{"start":{"line":13,"column":36},"end":{"line":13,"column":37}},"loc":{"start":{"line":13,"column":58},"end":{"line":13,"column":83}}},"2":{"name":"(anonymous_2)","decl":{"start":{"line":15,"column":25},"end":{"line":15,"column":31}},"loc":{"start":{"line":15,"column":31},"end":{"line":17,"column":null}}},"3":{"name":"(anonymous_3)","decl":{"start":{"line":19,"column":40},"end":{"line":19,"column":46}},"loc":{"start":{"line":19,"column":46},"end":{"line":21,"column":5}}},"4":{"name":"(anonymous_4)","decl":{"start":{"line":23,"column":12},"end":{"line":23,"column":18}},"loc":{"start":{"line":23,"column":18},"end":{"line":29,"column":5}}}},"branchMap":{"0":{"loc":{"start":{"line":24,"column":4},"end":{"line":28,"column":null}},"type":"if","locations":[{"start":{"line":24,"column":4},"end":{"line":28,"column":null}},{"start":{},"end":{}}]},"1":{"loc":{"start":{"line":24,"column":8},"end":{"line":24,"column":40}},"type":"binary-expr","locations":[{"start":{"line":24,"column":8},"end":{"line":24,"column":23}},{"start":{"line":24,"column":23},"end":{"line":24,"column":40}}]},"2":{"loc":{"start":{"line":33,"column":2},"end":{"line":33,"column":null}},"type":"if","locations":[{"start":{"line":33,"column":2},"end":{"line":33,"column":null}},{"start":{},"end":{}}]},"3":{"loc":{"start":{"line":42,"column":7},"end":{"line":51,"column":null}},"type":"binary-expr","locations":[{"start":{"line":42,"column":7},"end":{"line":42,"column":null}},{"start":{"line":43,"column":8},"end":{"line":51,"column":null}}]},"4":{"loc":{"start":{"line":44,"column":16},"end":{"line":44,"column":null}},"type":"binary-expr","locations":[{"start":{"line":44,"column":16},"end":{"line":44,"column":31}},{"start":{"line":44,"column":31},"end":{"line":44,"column":null}}]}},"s":{"0":3,"1":9,"2":9,"3":9,"4":9,"5":17,"6":9,"7":2,"8":9,"9":1,"10":9,"11":4,"12":0,"13":0,"14":0,"15":9,"16":9,"17":6,"18":3},"f":{"0":9,"1":17,"2":2,"3":1,"4":4},"b":{"0":[0,4],"1":[4,0],"2":[6,3],"3":[3,1],"4":[1,0]}}
,"D:/Rolling scopes/_REACT/react_rss_2025/src/comps/loadingSpinner/LoadingSpinner.tsx": {"path":"D:/Rolling scopes/_REACT/react_rss_2025/src/comps/loadingSpinner/LoadingSpinner.tsx","statementMap":{"0":{"start":{"line":3,"column":23},"end":{"line":14,"column":null}},"1":{"start":{"line":4,"column":2},"end":{"line":12,"column":null}}},"fnMap":{"0":{"name":"(anonymous_0)","decl":{"start":{"line":3,"column":23},"end":{"line":3,"column":29}},"loc":{"start":{"line":3,"column":29},"end":{"line":14,"column":null}}}},"branchMap":{},"s":{"0":3,"1":8},"f":{"0":8},"b":{}}
,"D:/Rolling scopes/_REACT/react_rss_2025/src/comps/nothing/Nothing.tsx": {"path":"D:/Rolling scopes/_REACT/react_rss_2025/src/comps/nothing/Nothing.tsx","statementMap":{"0":{"start":{"line":4,"column":40},"end":{"line":24,"column":null}},"1":{"start":{"line":5,"column":2},"end":{"line":22,"column":null}}},"fnMap":{"0":{"name":"(anonymous_0)","decl":{"start":{"line":4,"column":40},"end":{"line":4,"column":41}},"loc":{"start":{"line":4,"column":55},"end":{"line":24,"column":null}}}},"branchMap":{"0":{"loc":{"start":{"line":12,"column":7},"end":{"line":20,"column":null}},"type":"binary-expr","locations":[{"start":{"line":12,"column":7},"end":{"line":12,"column":null}},{"start":{"line":13,"column":8},"end":{"line":20,"column":null}}]}},"s":{"0":3,"1":4},"f":{"0":4},"b":{"0":[4,1]}}
,"D:/Rolling scopes/_REACT/react_rss_2025/src/comps/pagination/Pagination.tsx": {"path":"D:/Rolling scopes/_REACT/react_rss_2025/src/comps/pagination/Pagination.tsx","statementMap":{"0":{"start":{"line":5,"column":46},"end":{"line":36,"column":null}},"1":{"start":{"line":11,"column":2},"end":{"line":11,"column":null}},"2":{"start":{"line":11,"column":33},"end":{"line":11,"column":null}},"3":{"start":{"line":13,"column":21},"end":{"line":13,"column":null}},"4":{"start":{"line":15,"column":21},"end":{"line":17,"column":null}},"5":{"start":{"line":16,"column":4},"end":{"line":16,"column":null}},"6":{"start":{"line":16,"column":25},"end":{"line":16,"column":null}},"7":{"start":{"line":19,"column":21},"end":{"line":21,"column":null}},"8":{"start":{"line":20,"column":4},"end":{"line":20,"column":null}},"9":{"start":{"line":20,"column":34},"end":{"line":20,"column":null}},"10":{"start":{"line":23,"column":2},"end":{"line":34,"column":null}}},"fnMap":{"0":{"name":"(anonymous_0)","decl":{"start":{"line":5,"column":46},"end":{"line":5,"column":47}},"loc":{"start":{"line":10,"column":6},"end":{"line":36,"column":null}}},"1":{"name":"(anonymous_1)","decl":{"start":{"line":15,"column":21},"end":{"line":15,"column":27}},"loc":{"start":{"line":15,"column":27},"end":{"line":17,"column":null}}},"2":{"name":"(anonymous_2)","decl":{"start":{"line":19,"column":21},"end":{"line":19,"column":27}},"loc":{"start":{"line":19,"column":27},"end":{"line":21,"column":null}}}},"branchMap":{"0":{"loc":{"start":{"line":11,"column":2},"end":{"line":11,"column":null}},"type":"if","locations":[{"start":{"line":11,"column":2},"end":{"line":11,"column":null}},{"start":{},"end":{}}]},"1":{"loc":{"start":{"line":16,"column":4},"end":{"line":16,"column":null}},"type":"if","locations":[{"start":{"line":16,"column":4},"end":{"line":16,"column":null}},{"start":{},"end":{}}]},"2":{"loc":{"start":{"line":20,"column":4},"end":{"line":20,"column":null}},"type":"if","locations":[{"start":{"line":20,"column":4},"end":{"line":20,"column":null}},{"start":{},"end":{}}]}},"s":{"0":4,"1":21,"2":7,"3":14,"4":14,"5":2,"6":1,"7":14,"8":3,"9":2,"10":14},"f":{"0":21,"1":2,"2":3},"b":{"0":[7,14],"1":[1,1],"2":[2,1]}}
,"D:/Rolling scopes/_REACT/react_rss_2025/src/comps/searchBar/SearchBar.tsx": {"path":"D:/Rolling scopes/_REACT/react_rss_2025/src/comps/searchBar/SearchBar.tsx","statementMap":{"0":{"start":{"line":10,"column":44},"end":{"line":45,"column":null}},"1":{"start":{"line":11,"column":19},"end":{"line":11,"column":null}},"2":{"start":{"line":12,"column":21},"end":{"line":12,"column":null}},"3":{"start":{"line":12,"column":55},"end":{"line":12,"column":78}},"4":{"start":{"line":13,"column":28},"end":{"line":13,"column":null}},"5":{"start":{"line":14,"column":42},"end":{"line":14,"column":null}},"6":{"start":{"line":16,"column":23},"end":{"line":25,"column":null}},"7":{"start":{"line":18,"column":6},"end":{"line":18,"column":null}},"8":{"start":{"line":18,"column":32},"end":{"line":18,"column":null}},"9":{"start":{"line":19,"column":27},"end":{"line":19,"column":null}},"10":{"start":{"line":20,"column":6},"end":{"line":20,"column":null}},"11":{"start":{"line":21,"column":6},"end":{"line":21,"column":null}},"12":{"start":{"line":22,"column":6},"end":{"line":22,"column":null}},"13":{"start":{"line":27,"column":23},"end":{"line":29,"column":null}},"14":{"start":{"line":28,"column":4},"end":{"line":28,"column":null}},"15":{"start":{"line":31,"column":2},"end":{"line":37,"column":null}},"16":{"start":{"line":32,"column":25},"end":{"line":32,"column":null}},"17":{"start":{"line":33,"column":4},"end":{"line":35,"column":null}},"18":{"start":{"line":34,"column":6},"end":{"line":34,"column":null}},"19":{"start":{"line":36,"column":4},"end":{"line":36,"column":null}},"20":{"start":{"line":39,"column":2},"end":{"line":43,"column":null}},"21":{"start":{"line":42,"column":29},"end":{"line":42,"column":50}}},"fnMap":{"0":{"name":"(anonymous_0)","decl":{"start":{"line":10,"column":44},"end":{"line":10,"column":50}},"loc":{"start":{"line":10,"column":50},"end":{"line":45,"column":null}}},"1":{"name":"(anonymous_1)","decl":{"start":{"line":12,"column":33},"end":{"line":12,"column":34}},"loc":{"start":{"line":12,"column":55},"end":{"line":12,"column":78}}},"2":{"name":"(anonymous_2)","decl":{"start":{"line":17,"column":4},"end":{"line":17,"column":5}},"loc":{"start":{"line":17,"column":23},"end":{"line":23,"column":null}}},"3":{"name":"(anonymous_3)","decl":{"start":{"line":27,"column":23},"end":{"line":27,"column":24}},"loc":{"start":{"line":27,"column":71},"end":{"line":29,"column":null}}},"4":{"name":"(anonymous_4)","decl":{"start":{"line":31,"column":12},"end":{"line":31,"column":18}},"loc":{"start":{"line":31,"column":18},"end":{"line":37,"column":5}}},"5":{"name":"(anonymous_5)","decl":{"start":{"line":42,"column":23},"end":{"line":42,"column":29}},"loc":{"start":{"line":42,"column":29},"end":{"line":42,"column":50}}}},"branchMap":{"0":{"loc":{"start":{"line":13,"column":37},"end":{"line":13,"column":53}},"type":"binary-expr","locations":[{"start":{"line":13,"column":37},"end":{"line":13,"column":51}},{"start":{"line":13,"column":51},"end":{"line":13,"column":53}}]},"1":{"loc":{"start":{"line":18,"column":6},"end":{"line":18,"column":null}},"type":"if","locations":[{"start":{"line":18,"column":6},"end":{"line":18,"column":null}},{"start":{},"end":{}}]},"2":{"loc":{"start":{"line":32,"column":25},"end":{"line":32,"column":null}},"type":"binary-expr","locations":[{"start":{"line":32,"column":25},"end":{"line":32,"column":54}},{"start":{"line":32,"column":54},"end":{"line":32,"column":null}}]},"3":{"loc":{"start":{"line":33,"column":4},"end":{"line":35,"column":null}},"type":"if","locations":[{"start":{"line":33,"column":4},"end":{"line":35,"column":null}},{"start":{},"end":{}}]},"4":{"loc":{"start":{"line":36,"column":13},"end":{"line":36,"column":29}},"type":"binary-expr","locations":[{"start":{"line":36,"column":13},"end":{"line":36,"column":27}},{"start":{"line":36,"column":27},"end":{"line":36,"column":29}}]}},"s":{"0":3,"1":20,"2":20,"3":35,"4":20,"5":20,"6":20,"7":2,"8":1,"9":1,"10":1,"11":1,"12":1,"13":20,"14":2,"15":20,"16":14,"17":14,"18":1,"19":14,"20":20,"21":2},"f":{"0":20,"1":35,"2":2,"3":2,"4":14,"5":2},"b":{"0":[20,15],"1":[1,1],"2":[14,10],"3":[1,13],"4":[14,11]}}
,"D:/Rolling scopes/_REACT/react_rss_2025/src/comps/themeSwitcher/ThemeSwitcher.tsx": {"path":"D:/Rolling scopes/_REACT/react_rss_2025/src/comps/themeSwitcher/ThemeSwitcher.tsx","statementMap":{"0":{"start":{"line":3,"column":32},"end":{"line":13,"column":null}},"1":{"start":{"line":4,"column":33},"end":{"line":4,"column":null}},"2":{"start":{"line":6,"column":2},"end":{"line":11,"column":null}},"3":{"start":{"line":8,"column":29},"end":{"line":8,"column":44}}},"fnMap":{"0":{"name":"(anonymous_0)","decl":{"start":{"line":3,"column":32},"end":{"line":3,"column":38}},"loc":{"start":{"line":3,"column":38},"end":{"line":13,"column":null}}},"1":{"name":"(anonymous_1)","decl":{"start":{"line":8,"column":23},"end":{"line":8,"column":29}},"loc":{"start":{"line":8,"column":29},"end":{"line":8,"column":44}}}},"branchMap":{"0":{"loc":{"start":{"line":9,"column":19},"end":{"line":9,"column":56}},"type":"cond-expr","locations":[{"start":{"line":9,"column":39},"end":{"line":9,"column":48}},{"start":{"line":9,"column":48},"end":{"line":9,"column":56}}]}},"s":{"0":2,"1":4,"2":4,"3":1},"f":{"0":4,"1":1},"b":{"0":[1,3]}}
,"D:/Rolling scopes/_REACT/react_rss_2025/src/pages/detailed/Detailed.tsx": {"path":"D:/Rolling scopes/_REACT/react_rss_2025/src/pages/detailed/Detailed.tsx","statementMap":{"0":{"start":{"line":7,"column":27},"end":{"line":133,"column":null}},"1":{"start":{"line":8,"column":18},"end":{"line":8,"column":null}},"2":{"start":{"line":9,"column":19},"end":{"line":9,"column":null}},"3":{"start":{"line":10,"column":19},"end":{"line":10,"column":null}},"4":{"start":{"line":11,"column":22},"end":{"line":11,"column":null}},"5":{"start":{"line":13,"column":46},"end":{"line":13,"column":null}},"6":{"start":{"line":15,"column":22},"end":{"line":17,"column":null}},"7":{"start":{"line":16,"column":4},"end":{"line":16,"column":null}},"8":{"start":{"line":19,"column":2},"end":{"line":35,"column":null}},"9":{"start":{"line":20,"column":31},"end":{"line":28,"column":null}},"10":{"start":{"line":21,"column":6},"end":{"line":27,"column":null}},"11":{"start":{"line":26,"column":8},"end":{"line":26,"column":null}},"12":{"start":{"line":30,"column":4},"end":{"line":30,"column":null}},"13":{"start":{"line":32,"column":4},"end":{"line":34,"column":null}},"14":{"start":{"line":33,"column":6},"end":{"line":33,"column":null}},"15":{"start":{"line":37,"column":2},"end":{"line":39,"column":null}},"16":{"start":{"line":38,"column":4},"end":{"line":38,"column":null}},"17":{"start":{"line":41,"column":2},"end":{"line":43,"column":null}},"18":{"start":{"line":42,"column":4},"end":{"line":42,"column":null}},"19":{"start":{"line":45,"column":2},"end":{"line":47,"column":null}},"20":{"start":{"line":46,"column":4},"end":{"line":46,"column":null}},"21":{"start":{"line":49,"column":2},"end":{"line":131,"column":null}},"22":{"start":{"line":63,"column":20},"end":{"line":68,"column":null}},"23":{"start":{"line":83,"column":20},"end":{"line":85,"column":null}},"24":{"start":{"line":100,"column":20},"end":{"line":102,"column":null}},"25":{"start":{"line":117,"column":20},"end":{"line":119,"column":null}}},"fnMap":{"0":{"name":"(anonymous_0)","decl":{"start":{"line":7,"column":27},"end":{"line":7,"column":33}},"loc":{"start":{"line":7,"column":33},"end":{"line":133,"column":null}}},"1":{"name":"(anonymous_1)","decl":{"start":{"line":15,"column":34},"end":{"line":15,"column":40}},"loc":{"start":{"line":15,"column":40},"end":{"line":17,"column":5}}},"2":{"name":"(anonymous_2)","decl":{"start":{"line":19,"column":12},"end":{"line":19,"column":18}},"loc":{"start":{"line":19,"column":18},"end":{"line":35,"column":5}}},"3":{"name":"(anonymous_3)","decl":{"start":{"line":20,"column":31},"end":{"line":20,"column":32}},"loc":{"start":{"line":20,"column":54},"end":{"line":28,"column":null}}},"4":{"name":"(anonymous_4)","decl":{"start":{"line":32,"column":11},"end":{"line":32,"column":17}},"loc":{"start":{"line":32,"column":17},"end":{"line":34,"column":null}}},"5":{"name":"(anonymous_5)","decl":{"start":{"line":62,"column":41},"end":{"line":62,"column":42}},"loc":{"start":{"line":63,"column":20},"end":{"line":68,"column":null}}},"6":{"name":"(anonymous_6)","decl":{"start":{"line":82,"column":37},"end":{"line":82,"column":38}},"loc":{"start":{"line":83,"column":20},"end":{"line":85,"column":null}}},"7":{"name":"(anonymous_7)","decl":{"start":{"line":99,"column":37},"end":{"line":99,"column":38}},"loc":{"start":{"line":100,"column":20},"end":{"line":102,"column":null}}},"8":{"name":"(anonymous_8)","decl":{"start":{"line":116,"column":40},"end":{"line":116,"column":41}},"loc":{"start":{"line":117,"column":20},"end":{"line":119,"column":null}}}},"branchMap":{"0":{"loc":{"start":{"line":21,"column":6},"end":{"line":27,"column":null}},"type":"if","locations":[{"start":{"line":21,"column":6},"end":{"line":27,"column":null}},{"start":{},"end":{}}]},"1":{"loc":{"start":{"line":22,"column":8},"end":{"line":24,"column":null}},"type":"binary-expr","locations":[{"start":{"line":22,"column":8},"end":{"line":22,"column":null}},{"start":{"line":23,"column":8},"end":{"line":23,"column":null}},{"start":{"line":24,"column":8},"end":{"line":24,"column":null}}]},"2":{"loc":{"start":{"line":37,"column":2},"end":{"line":39,"column":null}},"type":"if","locations":[{"start":{"line":37,"column":2},"end":{"line":39,"column":null}},{"start":{},"end":{}}]},"3":{"loc":{"start":{"line":41,"column":2},"end":{"line":43,"column":null}},"type":"if","locations":[{"start":{"line":41,"column":2},"end":{"line":43,"column":null}},{"start":{},"end":{}}]},"4":{"loc":{"start":{"line":45,"column":2},"end":{"line":47,"column":null}},"type":"if","locations":[{"start":{"line":45,"column":2},"end":{"line":47,"column":null}},{"start":{},"end":{}}]},"5":{"loc":{"start":{"line":56,"column":9},"end":{"line":73,"column":null}},"type":"binary-expr","locations":[{"start":{"line":56,"column":9},"end":{"line":56,"column":null}},{"start":{"line":57,"column":10},"end":{"line":73,"column":null}}]},"6":{"loc":{"start":{"line":76,"column":9},"end":{"line":90,"column":null}},"type":"binary-expr","locations":[{"start":{"line":76,"column":9},"end":{"line":76,"column":null}},{"start":{"line":77,"column":10},"end":{"line":90,"column":null}}]},"7":{"loc":{"start":{"line":93,"column":9},"end":{"line":107,"column":null}},"type":"binary-expr","locations":[{"start":{"line":93,"column":9},"end":{"line":93,"column":null}},{"start":{"line":94,"column":10},"end":{"line":107,"column":null}}]},"8":{"loc":{"start":{"line":110,"column":9},"end":{"line":124,"column":null}},"type":"binary-expr","locations":[{"start":{"line":110,"column":9},"end":{"line":110,"column":null}},{"start":{"line":111,"column":10},"end":{"line":124,"column":null}}]}},"s":{"0":2,"1":7,"2":7,"3":7,"4":7,"5":7,"6":7,"7":2,"8":7,"9":7,"10":2,"11":1,"12":7,"13":7,"14":7,"15":7,"16":1,"17":6,"18":1,"19":5,"20":1,"21":4,"22":4,"23":4,"24":4,"25":4},"f":{"0":7,"1":2,"2":7,"3":2,"4":7,"5":4,"6":4,"7":4,"8":4},"b":{"0":[1,1],"1":[2,2,1],"2":[1,6],"3":[1,5],"4":[1,4],"5":[4,4],"6":[4,4],"7":[4,4],"8":[4,4]}}
,"D:/Rolling scopes/_REACT/react_rss_2025/src/pages/home/Home.tsx": {"path":"D:/Rolling scopes/_REACT/react_rss_2025/src/pages/home/Home.tsx","statementMap":{"0":{"start":{"line":13,"column":23},"end":{"line":50,"column":null}},"1":{"start":{"line":14,"column":18},"end":{"line":14,"column":null}},"2":{"start":{"line":15,"column":21},"end":{"line":15,"column":null}},"3":{"start":{"line":15,"column":55},"end":{"line":15,"column":78}},"4":{"start":{"line":16,"column":47},"end":{"line":16,"column":null}},"5":{"start":{"line":18,"column":2},"end":{"line":48,"column":null}}},"fnMap":{"0":{"name":"(anonymous_0)","decl":{"start":{"line":13,"column":23},"end":{"line":13,"column":29}},"loc":{"start":{"line":13,"column":29},"end":{"line":50,"column":null}}},"1":{"name":"(anonymous_1)","decl":{"start":{"line":15,"column":33},"end":{"line":15,"column":34}},"loc":{"start":{"line":15,"column":55},"end":{"line":15,"column":78}}}},"branchMap":{"0":{"loc":{"start":{"line":23,"column":9},"end":{"line":41,"column":null}},"type":"cond-expr","locations":[{"start":{"line":24,"column":10},"end":{"line":24,"column":null}},{"start":{"line":25,"column":12},"end":{"line":41,"column":null}}]},"1":{"loc":{"start":{"line":25,"column":12},"end":{"line":41,"column":null}},"type":"cond-expr","locations":[{"start":{"line":26,"column":10},"end":{"line":26,"column":null}},{"start":{"line":28,"column":10},"end":{"line":41,"column":null}}]},"2":{"loc":{"start":{"line":34,"column":15},"end":{"line":37,"column":null}},"type":"binary-expr","locations":[{"start":{"line":34,"column":15},"end":{"line":34,"column":null}},{"start":{"line":35,"column":16},"end":{"line":37,"column":null}}]}},"s":{"0":2,"1":9,"2":9,"3":18,"4":9,"5":9},"f":{"0":9,"1":18},"b":{"0":[1,8],"1":[4,4],"2":[4,1]}}
,"D:/Rolling scopes/_REACT/react_rss_2025/src/pages/notFound/NotFound.tsx": {"path":"D:/Rolling scopes/_REACT/react_rss_2025/src/pages/notFound/NotFound.tsx","statementMap":{"0":{"start":{"line":3,"column":27},"end":{"line":10,"column":null}},"1":{"start":{"line":4,"column":2},"end":{"line":8,"column":null}}},"fnMap":{"0":{"name":"(anonymous_0)","decl":{"start":{"line":3,"column":27},"end":{"line":3,"column":33}},"loc":{"start":{"line":3,"column":33},"end":{"line":10,"column":null}}}},"branchMap":{},"s":{"0":2,"1":2},"f":{"0":2},"b":{}}
}
