{"D:/Rolling scopes/_REACT/Class-components/src/App.tsx": {"path":"D:/Rolling scopes/_REACT/Class-components/src/App.tsx","statementMap":{"0":{"start":{"line":7,"column":22},"end":{"line":18,"column":null}},"1":{"start":{"line":8,"column":2},"end":{"line":16,"column":null}}},"fnMap":{"0":{"name":"(anonymous_0)","decl":{"start":{"line":7,"column":22},"end":{"line":7,"column":28}},"loc":{"start":{"line":7,"column":28},"end":{"line":18,"column":null}}}},"branchMap":{},"s":{"0":1,"1":1},"f":{"0":1},"b":{}}
,"D:/Rolling scopes/_REACT/Class-components/src/main.tsx": {"path":"D:/Rolling scopes/_REACT/Class-components/src/main.tsx","statementMap":{"0":{"start":{"line":6,"column":0},"end":{"line":12,"column":null}}},"fnMap":{},"branchMap":{},"s":{"0":0},"f":{},"b":{}}
,"D:/Rolling scopes/_REACT/Class-components/src/comps/Card.tsx": {"path":"D:/Rolling scopes/_REACT/Class-components/src/comps/Card.tsx","statementMap":{"0":{"start":{"line":5,"column":34},"end":{"line":15,"column":null}},"1":{"start":{"line":6,"column":2},"end":{"line":13,"column":null}}},"fnMap":{"0":{"name":"(anonymous_0)","decl":{"start":{"line":5,"column":34},"end":{"line":5,"column":35}},"loc":{"start":{"line":5,"column":65},"end":{"line":15,"column":null}}}},"branchMap":{},"s":{"0":1,"1":0},"f":{"0":0},"b":{}}
,"D:/Rolling scopes/_REACT/Class-components/src/comps/CardList.tsx": {"path":"D:/Rolling scopes/_REACT/Class-components/src/comps/CardList.tsx","statementMap":{"0":{"start":{"line":6,"column":42},"end":{"line":16,"column":null}},"1":{"start":{"line":7,"column":2},"end":{"line":14,"column":null}},"2":{"start":{"line":12,"column":8},"end":{"line":12,"column":null}},"3":{"start":{"line":12,"column":81},"end":{"line":12,"column":104}}},"fnMap":{"0":{"name":"(anonymous_0)","decl":{"start":{"line":6,"column":42},"end":{"line":6,"column":43}},"loc":{"start":{"line":6,"column":87},"end":{"line":16,"column":null}}},"1":{"name":"(anonymous_1)","decl":{"start":{"line":11,"column":19},"end":{"line":11,"column":20}},"loc":{"start":{"line":12,"column":8},"end":{"line":12,"column":null}}},"2":{"name":"(anonymous_2)","decl":{"start":{"line":12,"column":75},"end":{"line":12,"column":81}},"loc":{"start":{"line":12,"column":81},"end":{"line":12,"column":104}}}},"branchMap":{"0":{"loc":{"start":{"line":7,"column":9},"end":{"line":14,"column":null}},"type":"cond-expr","locations":[{"start":{"line":8,"column":4},"end":{"line":8,"column":null}},{"start":{"line":10,"column":4},"end":{"line":14,"column":null}}]}},"s":{"0":1,"1":1,"2":0,"3":0},"f":{"0":1,"1":0,"2":0},"b":{"0":[1,0]}}
,"D:/Rolling scopes/_REACT/Class-components/src/comps/ErrorBoundary.tsx": {"path":"D:/Rolling scopes/_REACT/Class-components/src/comps/ErrorBoundary.tsx","statementMap":{"0":{"start":{"line":4,"column":18},"end":{"line":4,"column":null}},"1":{"start":{"line":6,"column":0},"end":{"line":6,"column":6}},"2":{"start":{"line":7,"column":2},"end":{"line":7,"column":null}},"3":{"start":{"line":10,"column":4},"end":{"line":10,"column":null}},"4":{"start":{"line":14,"column":4},"end":{"line":17,"column":null}},"5":{"start":{"line":18,"column":4},"end":{"line":18,"column":null}},"6":{"start":{"line":22,"column":4},"end":{"line":32,"column":null}},"7":{"start":{"line":23,"column":6},"end":{"line":30,"column":null}},"8":{"start":{"line":27,"column":33},"end":{"line":27,"column":null}},"9":{"start":{"line":33,"column":4},"end":{"line":33,"column":null}}},"fnMap":{"0":{"name":"(anonymous_0)","decl":{"start":{"line":6,"column":0},"end":{"line":6,"column":6}},"loc":{"start":{"line":6,"column":0},"end":{"line":7,"column":null}}},"1":{"name":"(anonymous_1)","decl":{"start":{"line":9,"column":2},"end":{"line":9,"column":9}},"loc":{"start":{"line":9,"column":56},"end":{"line":11,"column":null}}},"2":{"name":"(anonymous_2)","decl":{"start":{"line":13,"column":2},"end":{"line":13,"column":20}},"loc":{"start":{"line":13,"column":57},"end":{"line":19,"column":null}}},"3":{"name":"(anonymous_3)","decl":{"start":{"line":21,"column":2},"end":{"line":21,"column":11}},"loc":{"start":{"line":21,"column":11},"end":{"line":34,"column":null}}},"4":{"name":"(anonymous_4)","decl":{"start":{"line":27,"column":27},"end":{"line":27,"column":33}},"loc":{"start":{"line":27,"column":33},"end":{"line":27,"column":null}}}},"branchMap":{"0":{"loc":{"start":{"line":22,"column":4},"end":{"line":32,"column":null}},"type":"if","locations":[{"start":{"line":22,"column":4},"end":{"line":32,"column":null}},{"start":{},"end":{}}]}},"s":{"0":0,"1":0,"2":0,"3":0,"4":0,"5":0,"6":0,"7":0,"8":0,"9":0},"f":{"0":0,"1":0,"2":0,"3":0,"4":0},"b":{"0":[0,0]}}
,"D:/Rolling scopes/_REACT/Class-components/src/comps/ErrorButton.tsx": {"path":"D:/Rolling scopes/_REACT/Class-components/src/comps/ErrorButton.tsx","statementMap":{"0":{"start":{"line":4,"column":10},"end":{"line":6,"column":null}},"1":{"start":{"line":8,"column":12},"end":{"line":8,"column":null}},"2":{"start":{"line":8,"column":18},"end":{"line":8,"column":null}},"3":{"start":{"line":11,"column":4},"end":{"line":11,"column":null}},"4":{"start":{"line":11,"column":26},"end":{"line":11,"column":null}},"5":{"start":{"line":12,"column":4},"end":{"line":15,"column":null}}},"fnMap":{"0":{"name":"(anonymous_0)","decl":{"start":{"line":8,"column":12},"end":{"line":8,"column":18}},"loc":{"start":{"line":8,"column":18},"end":{"line":8,"column":null}}},"1":{"name":"(anonymous_1)","decl":{"start":{"line":10,"column":2},"end":{"line":10,"column":11}},"loc":{"start":{"line":10,"column":11},"end":{"line":17,"column":null}}}},"branchMap":{"0":{"loc":{"start":{"line":11,"column":4},"end":{"line":11,"column":null}},"type":"if","locations":[{"start":{"line":11,"column":4},"end":{"line":11,"column":null}},{"start":{},"end":{}}]}},"s":{"0":1,"1":1,"2":0,"3":2,"4":0,"5":2},"f":{"0":0,"1":2},"b":{"0":[0,2]}}
,"D:/Rolling scopes/_REACT/Class-components/src/comps/LoadingSpinner.tsx": {"path":"D:/Rolling scopes/_REACT/Class-components/src/comps/LoadingSpinner.tsx","statementMap":{"0":{"start":{"line":6,"column":4},"end":{"line":12,"column":null}}},"fnMap":{"0":{"name":"(anonymous_0)","decl":{"start":{"line":5,"column":2},"end":{"line":5,"column":11}},"loc":{"start":{"line":5,"column":11},"end":{"line":14,"column":null}}}},"branchMap":{},"s":{"0":1},"f":{"0":1},"b":{}}
,"D:/Rolling scopes/_REACT/Class-components/src/comps/Nothing.tsx": {"path":"D:/Rolling scopes/_REACT/Class-components/src/comps/Nothing.tsx","statementMap":{"0":{"start":{"line":4,"column":40},"end":{"line":25,"column":null}},"1":{"start":{"line":5,"column":2},"end":{"line":23,"column":null}}},"fnMap":{"0":{"name":"(anonymous_0)","decl":{"start":{"line":4,"column":40},"end":{"line":4,"column":41}},"loc":{"start":{"line":4,"column":55},"end":{"line":25,"column":null}}}},"branchMap":{"0":{"loc":{"start":{"line":12,"column":7},"end":{"line":21,"column":null}},"type":"binary-expr","locations":[{"start":{"line":12,"column":7},"end":{"line":12,"column":null}},{"start":{"line":13,"column":8},"end":{"line":21,"column":null}}]}},"s":{"0":1,"1":1},"f":{"0":1},"b":{"0":[1,0]}}
,"D:/Rolling scopes/_REACT/Class-components/src/comps/Pagination.tsx": {"path":"D:/Rolling scopes/_REACT/Class-components/src/comps/Pagination.tsx","statementMap":{"0":{"start":{"line":5,"column":46},"end":{"line":46,"column":null}},"1":{"start":{"line":11,"column":21},"end":{"line":11,"column":null}},"2":{"start":{"line":13,"column":21},"end":{"line":17,"column":null}},"3":{"start":{"line":14,"column":4},"end":{"line":16,"column":null}},"4":{"start":{"line":15,"column":6},"end":{"line":15,"column":null}},"5":{"start":{"line":19,"column":21},"end":{"line":23,"column":null}},"6":{"start":{"line":20,"column":4},"end":{"line":22,"column":null}},"7":{"start":{"line":21,"column":6},"end":{"line":21,"column":null}},"8":{"start":{"line":25,"column":2},"end":{"line":44,"column":null}}},"fnMap":{"0":{"name":"(anonymous_0)","decl":{"start":{"line":5,"column":46},"end":{"line":5,"column":47}},"loc":{"start":{"line":10,"column":6},"end":{"line":46,"column":null}}},"1":{"name":"(anonymous_1)","decl":{"start":{"line":13,"column":21},"end":{"line":13,"column":27}},"loc":{"start":{"line":13,"column":27},"end":{"line":17,"column":null}}},"2":{"name":"(anonymous_2)","decl":{"start":{"line":19,"column":21},"end":{"line":19,"column":27}},"loc":{"start":{"line":19,"column":27},"end":{"line":23,"column":null}}}},"branchMap":{"0":{"loc":{"start":{"line":14,"column":4},"end":{"line":16,"column":null}},"type":"if","locations":[{"start":{"line":14,"column":4},"end":{"line":16,"column":null}},{"start":{},"end":{}}]},"1":{"loc":{"start":{"line":20,"column":4},"end":{"line":22,"column":null}},"type":"if","locations":[{"start":{"line":20,"column":4},"end":{"line":22,"column":null}},{"start":{},"end":{}}]}},"s":{"0":1,"1":0,"2":0,"3":0,"4":0,"5":0,"6":0,"7":0,"8":0},"f":{"0":0,"1":0,"2":0},"b":{"0":[0,0],"1":[0,0]}}
,"D:/Rolling scopes/_REACT/Class-components/src/comps/SearchBar.tsx": {"path":"D:/Rolling scopes/_REACT/Class-components/src/comps/SearchBar.tsx","statementMap":{"0":{"start":{"line":4,"column":44},"end":{"line":21,"column":null}},"1":{"start":{"line":5,"column":28},"end":{"line":5,"column":null}},"2":{"start":{"line":7,"column":23},"end":{"line":9,"column":null}},"3":{"start":{"line":8,"column":4},"end":{"line":8,"column":null}},"4":{"start":{"line":11,"column":23},"end":{"line":13,"column":null}},"5":{"start":{"line":12,"column":4},"end":{"line":12,"column":null}},"6":{"start":{"line":15,"column":2},"end":{"line":19,"column":null}}},"fnMap":{"0":{"name":"(anonymous_0)","decl":{"start":{"line":4,"column":44},"end":{"line":4,"column":45}},"loc":{"start":{"line":4,"column":76},"end":{"line":21,"column":null}}},"1":{"name":"(anonymous_1)","decl":{"start":{"line":7,"column":23},"end":{"line":7,"column":24}},"loc":{"start":{"line":7,"column":71},"end":{"line":9,"column":null}}},"2":{"name":"(anonymous_2)","decl":{"start":{"line":11,"column":23},"end":{"line":11,"column":29}},"loc":{"start":{"line":11,"column":29},"end":{"line":13,"column":null}}}},"branchMap":{"0":{"loc":{"start":{"line":5,"column":37},"end":{"line":5,"column":55}},"type":"binary-expr","locations":[{"start":{"line":5,"column":37},"end":{"line":5,"column":53}},{"start":{"line":5,"column":53},"end":{"line":5,"column":55}}]}},"s":{"0":1,"1":2,"2":2,"3":0,"4":2,"5":0,"6":2},"f":{"0":2,"1":0,"2":0},"b":{"0":[2,2]}}
,"D:/Rolling scopes/_REACT/Class-components/src/hooks/useLocalStorage.tsx": {"path":"D:/Rolling scopes/_REACT/Class-components/src/hooks/useLocalStorage.tsx","statementMap":{"0":{"start":{"line":3,"column":31},"end":{"line":14,"column":null}},"1":{"start":{"line":4,"column":28},"end":{"line":7,"column":null}},"2":{"start":{"line":5,"column":24},"end":{"line":5,"column":null}},"3":{"start":{"line":6,"column":4},"end":{"line":6,"column":null}},"4":{"start":{"line":9,"column":2},"end":{"line":11,"column":null}},"5":{"start":{"line":10,"column":4},"end":{"line":10,"column":null}},"6":{"start":{"line":13,"column":2},"end":{"line":13,"column":null}}},"fnMap":{"0":{"name":"(anonymous_0)","decl":{"start":{"line":3,"column":31},"end":{"line":3,"column":32}},"loc":{"start":{"line":3,"column":70},"end":{"line":14,"column":null}}},"1":{"name":"(anonymous_1)","decl":{"start":{"line":4,"column":37},"end":{"line":4,"column":43}},"loc":{"start":{"line":4,"column":43},"end":{"line":7,"column":3}}},"2":{"name":"(anonymous_2)","decl":{"start":{"line":9,"column":12},"end":{"line":9,"column":18}},"loc":{"start":{"line":9,"column":18},"end":{"line":11,"column":5}}}},"branchMap":{"0":{"loc":{"start":{"line":6,"column":11},"end":{"line":6,"column":null}},"type":"cond-expr","locations":[{"start":{"line":6,"column":25},"end":{"line":6,"column":51}},{"start":{"line":6,"column":51},"end":{"line":6,"column":null}}]}},"s":{"0":1,"1":2,"2":1,"3":1,"4":2,"5":1,"6":2},"f":{"0":2,"1":1,"2":1},"b":{"0":[0,1]}}
,"D:/Rolling scopes/_REACT/Class-components/src/pages/NotFound.tsx": {"path":"D:/Rolling scopes/_REACT/Class-components/src/pages/NotFound.tsx","statementMap":{"0":{"start":{"line":4,"column":27},"end":{"line":11,"column":null}},"1":{"start":{"line":5,"column":2},"end":{"line":9,"column":null}}},"fnMap":{"0":{"name":"(anonymous_0)","decl":{"start":{"line":4,"column":27},"end":{"line":4,"column":33}},"loc":{"start":{"line":4,"column":33},"end":{"line":11,"column":null}}}},"branchMap":{},"s":{"0":1,"1":0},"f":{"0":0},"b":{}}
,"D:/Rolling scopes/_REACT/Class-components/src/pages/detailed.tsx": {"path":"D:/Rolling scopes/_REACT/Class-components/src/pages/detailed.tsx","statementMap":{"0":{"start":{"line":9,"column":27},"end":{"line":54,"column":null}},"1":{"start":{"line":10,"column":18},"end":{"line":10,"column":null}},"2":{"start":{"line":11,"column":19},"end":{"line":11,"column":null}},"3":{"start":{"line":12,"column":28},"end":{"line":12,"column":null}},"4":{"start":{"line":13,"column":32},"end":{"line":13,"column":null}},"5":{"start":{"line":14,"column":19},"end":{"line":14,"column":null}},"6":{"start":{"line":16,"column":2},"end":{"line":30,"column":null}},"7":{"start":{"line":17,"column":25},"end":{"line":27,"column":null}},"8":{"start":{"line":18,"column":6},"end":{"line":26,"column":null}},"9":{"start":{"line":19,"column":21},"end":{"line":19,"column":null}},"10":{"start":{"line":20,"column":8},"end":{"line":20,"column":null}},"11":{"start":{"line":21,"column":8},"end":{"line":21,"column":null}},"12":{"start":{"line":23,"column":8},"end":{"line":23,"column":null}},"13":{"start":{"line":25,"column":8},"end":{"line":25,"column":null}},"14":{"start":{"line":29,"column":4},"end":{"line":29,"column":null}},"15":{"start":{"line":32,"column":22},"end":{"line":34,"column":null}},"16":{"start":{"line":33,"column":4},"end":{"line":33,"column":null}},"17":{"start":{"line":36,"column":2},"end":{"line":52,"column":null}}},"fnMap":{"0":{"name":"(anonymous_0)","decl":{"start":{"line":9,"column":27},"end":{"line":9,"column":33}},"loc":{"start":{"line":9,"column":33},"end":{"line":54,"column":null}}},"1":{"name":"(anonymous_1)","decl":{"start":{"line":16,"column":12},"end":{"line":16,"column":18}},"loc":{"start":{"line":16,"column":18},"end":{"line":30,"column":5}}},"2":{"name":"(anonymous_2)","decl":{"start":{"line":17,"column":25},"end":{"line":17,"column":37}},"loc":{"start":{"line":17,"column":37},"end":{"line":27,"column":null}}},"3":{"name":"(anonymous_3)","decl":{"start":{"line":32,"column":22},"end":{"line":32,"column":28}},"loc":{"start":{"line":32,"column":28},"end":{"line":34,"column":null}}}},"branchMap":{"0":{"loc":{"start":{"line":38,"column":7},"end":{"line":46,"column":null}},"type":"cond-expr","locations":[{"start":{"line":39,"column":8},"end":{"line":39,"column":null}},{"start":{"line":41,"column":8},"end":{"line":46,"column":null}}]},"1":{"loc":{"start":{"line":41,"column":8},"end":{"line":46,"column":null}},"type":"binary-expr","locations":[{"start":{"line":41,"column":8},"end":{"line":41,"column":null}},{"start":{"line":42,"column":10},"end":{"line":46,"column":null}}]}},"s":{"0":1,"1":0,"2":0,"3":0,"4":0,"5":0,"6":0,"7":0,"8":0,"9":0,"10":0,"11":0,"12":0,"13":0,"14":0,"15":0,"16":0,"17":0},"f":{"0":0,"1":0,"2":0,"3":0},"b":{"0":[0,0],"1":[0,0]}}
,"D:/Rolling scopes/_REACT/Class-components/src/pages/home.tsx": {"path":"D:/Rolling scopes/_REACT/Class-components/src/pages/home.tsx","statementMap":{"0":{"start":{"line":15,"column":23},"end":{"line":15,"column":null}},"1":{"start":{"line":17,"column":23},"end":{"line":118,"column":null}},"2":{"start":{"line":18,"column":19},"end":{"line":18,"column":null}},"3":{"start":{"line":19,"column":38},"end":{"line":19,"column":null}},"4":{"start":{"line":20,"column":32},"end":{"line":20,"column":null}},"5":{"start":{"line":21,"column":32},"end":{"line":21,"column":null}},"6":{"start":{"line":22,"column":28},"end":{"line":22,"column":null}},"7":{"start":{"line":23,"column":42},"end":{"line":23,"column":null}},"8":{"start":{"line":24,"column":18},"end":{"line":24,"column":null}},"9":{"start":{"line":25,"column":19},"end":{"line":25,"column":null}},"10":{"start":{"line":27,"column":22},"end":{"line":27,"column":null}},"11":{"start":{"line":30,"column":23},"end":{"line":47,"column":null}},"12":{"start":{"line":31,"column":4},"end":{"line":31,"column":null}},"13":{"start":{"line":32,"column":4},"end":{"line":32,"column":null}},"14":{"start":{"line":33,"column":4},"end":{"line":46,"column":null}},"15":{"start":{"line":34,"column":19},"end":{"line":34,"column":null}},"16":{"start":{"line":35,"column":6},"end":{"line":38,"column":null}},"17":{"start":{"line":36,"column":8},"end":{"line":36,"column":null}},"18":{"start":{"line":37,"column":8},"end":{"line":37,"column":null}},"19":{"start":{"line":40,"column":6},"end":{"line":44,"column":null}},"20":{"start":{"line":41,"column":8},"end":{"line":41,"column":null}},"21":{"start":{"line":43,"column":8},"end":{"line":43,"column":null}},"22":{"start":{"line":45,"column":6},"end":{"line":45,"column":null}},"23":{"start":{"line":49,"column":23},"end":{"line":54,"column":null}},"24":{"start":{"line":50,"column":25},"end":{"line":50,"column":null}},"25":{"start":{"line":51,"column":4},"end":{"line":51,"column":null}},"26":{"start":{"line":52,"column":4},"end":{"line":52,"column":null}},"27":{"start":{"line":53,"column":4},"end":{"line":53,"column":null}},"28":{"start":{"line":56,"column":27},"end":{"line":58,"column":null}},"29":{"start":{"line":57,"column":4},"end":{"line":57,"column":null}},"30":{"start":{"line":60,"column":26},"end":{"line":62,"column":null}},"31":{"start":{"line":61,"column":4},"end":{"line":61,"column":null}},"32":{"start":{"line":68,"column":2},"end":{"line":70,"column":null}},"33":{"start":{"line":69,"column":4},"end":{"line":69,"column":null}},"34":{"start":{"line":72,"column":8},"end":{"line":72,"column":null}},"35":{"start":{"line":73,"column":19},"end":{"line":73,"column":null}},"36":{"start":{"line":74,"column":25},"end":{"line":74,"column":null}},"37":{"start":{"line":76,"column":2},"end":{"line":116,"column":null}}},"fnMap":{"0":{"name":"(anonymous_0)","decl":{"start":{"line":17,"column":23},"end":{"line":17,"column":29}},"loc":{"start":{"line":17,"column":29},"end":{"line":118,"column":null}}},"1":{"name":"(anonymous_1)","decl":{"start":{"line":30,"column":23},"end":{"line":30,"column":30}},"loc":{"start":{"line":30,"column":48},"end":{"line":47,"column":null}}},"2":{"name":"(anonymous_2)","decl":{"start":{"line":35,"column":20},"end":{"line":35,"column":26}},"loc":{"start":{"line":35,"column":26},"end":{"line":38,"column":7}}},"3":{"name":"(anonymous_3)","decl":{"start":{"line":49,"column":23},"end":{"line":49,"column":24}},"loc":{"start":{"line":49,"column":42},"end":{"line":54,"column":null}}},"4":{"name":"(anonymous_4)","decl":{"start":{"line":56,"column":27},"end":{"line":56,"column":28}},"loc":{"start":{"line":56,"column":45},"end":{"line":58,"column":null}}},"5":{"name":"(anonymous_5)","decl":{"start":{"line":60,"column":26},"end":{"line":60,"column":27}},"loc":{"start":{"line":60,"column":43},"end":{"line":62,"column":null}}},"6":{"name":"(anonymous_6)","decl":{"start":{"line":68,"column":12},"end":{"line":68,"column":18}},"loc":{"start":{"line":68,"column":18},"end":{"line":70,"column":5}}}},"branchMap":{"0":{"loc":{"start":{"line":27,"column":31},"end":{"line":27,"column":64}},"type":"binary-expr","locations":[{"start":{"line":27,"column":31},"end":{"line":27,"column":59}},{"start":{"line":27,"column":59},"end":{"line":27,"column":64}}]},"1":{"loc":{"start":{"line":40,"column":6},"end":{"line":44,"column":null}},"type":"if","locations":[{"start":{"line":40,"column":6},"end":{"line":44,"column":null}},{"start":{"line":42,"column":13},"end":{"line":44,"column":null}}]},"2":{"loc":{"start":{"line":81,"column":9},"end":{"line":108,"column":null}},"type":"cond-expr","locations":[{"start":{"line":82,"column":10},"end":{"line":82,"column":null}},{"start":{"line":84,"column":10},"end":{"line":108,"column":null}}]},"3":{"loc":{"start":{"line":92,"column":15},"end":{"line":98,"column":null}},"type":"binary-expr","locations":[{"start":{"line":92,"column":15},"end":{"line":92,"column":null}},{"start":{"line":93,"column":16},"end":{"line":98,"column":null}}]},"4":{"loc":{"start":{"line":102,"column":13},"end":{"line":105,"column":null}},"type":"binary-expr","locations":[{"start":{"line":102,"column":13},"end":{"line":102,"column":null}},{"start":{"line":103,"column":14},"end":{"line":105,"column":null}}]},"5":{"loc":{"start":{"line":110,"column":9},"end":{"line":110,"column":null}},"type":"binary-expr","locations":[{"start":{"line":110,"column":9},"end":{"line":110,"column":18}},{"start":{"line":110,"column":18},"end":{"line":110,"column":null}}]}},"s":{"0":1,"1":1,"2":2,"3":2,"4":2,"5":2,"6":2,"7":2,"8":2,"9":2,"10":2,"11":2,"12":1,"13":1,"14":1,"15":1,"16":0,"17":0,"18":0,"19":0,"20":0,"21":0,"22":0,"23":2,"24":0,"25":0,"26":0,"27":0,"28":2,"29":0,"30":2,"31":0,"32":2,"33":1,"34":2,"35":2,"36":2,"37":2},"f":{"0":2,"1":1,"2":0,"3":0,"4":0,"5":0,"6":1},"b":{"0":[2,2],"1":[0,0],"2":[1,1],"3":[1,0],"4":[1,0],"5":[2,0]}}
,"D:/Rolling scopes/_REACT/Class-components/src/utils/api.ts": {"path":"D:/Rolling scopes/_REACT/Class-components/src/utils/api.ts","statementMap":{"0":{"start":{"line":3,"column":19},"end":{"line":3,"column":null}},"1":{"start":{"line":4,"column":26},"end":{"line":4,"column":null}},"2":{"start":{"line":7,"column":29},"end":{"line":13,"column":null}},"3":{"start":{"line":15,"column":19},"end":{"line":15,"column":null}},"4":{"start":{"line":16,"column":2},"end":{"line":16,"column":null}},"5":{"start":{"line":20,"column":19},"end":{"line":20,"column":null}},"6":{"start":{"line":21,"column":2},"end":{"line":23,"column":null}},"7":{"start":{"line":22,"column":4},"end":{"line":22,"column":null}},"8":{"start":{"line":24,"column":15},"end":{"line":24,"column":null}},"9":{"start":{"line":25,"column":2},"end":{"line":25,"column":null}},"10":{"start":{"line":26,"column":2},"end":{"line":26,"column":null}}},"fnMap":{"0":{"name":"getComics","decl":{"start":{"line":6,"column":22},"end":{"line":6,"column":32}},"loc":{"start":{"line":6,"column":69},"end":{"line":17,"column":null}}},"1":{"name":"getComicDetails","decl":{"start":{"line":19,"column":22},"end":{"line":19,"column":38}},"loc":{"start":{"line":19,"column":67},"end":{"line":27,"column":null}}}},"branchMap":{"0":{"loc":{"start":{"line":21,"column":2},"end":{"line":23,"column":null}},"type":"if","locations":[{"start":{"line":21,"column":2},"end":{"line":23,"column":null}},{"start":{},"end":{}}]}},"s":{"0":1,"1":1,"2":1,"3":1,"4":0,"5":0,"6":0,"7":0,"8":0,"9":0,"10":0},"f":{"0":1,"1":0},"b":{"0":[0,0]}}
,"D:/Rolling scopes/_REACT/Class-components/src/utils/delay.ts": {"path":"D:/Rolling scopes/_REACT/Class-components/src/utils/delay.ts","statementMap":{"0":{"start":{"line":1,"column":14},"end":{"line":1,"column":null}},"1":{"start":{"line":4,"column":2},"end":{"line":4,"column":null}},"2":{"start":{"line":4,"column":19},"end":{"line":4,"column":31}}},"fnMap":{"0":{"name":"callWithDelay","decl":{"start":{"line":3,"column":16},"end":{"line":3,"column":30}},"loc":{"start":{"line":3,"column":52},"end":{"line":5,"column":null}}},"1":{"name":"(anonymous_1)","decl":{"start":{"line":4,"column":13},"end":{"line":4,"column":19}},"loc":{"start":{"line":4,"column":19},"end":{"line":4,"column":31}}}},"branchMap":{},"s":{"0":1,"1":0,"2":0},"f":{"0":0,"1":0},"b":{}}
,"D:/Rolling scopes/_REACT/Class-components/src/utils/description.ts": {"path":"D:/Rolling scopes/_REACT/Class-components/src/utils/description.ts","statementMap":{"0":{"start":{"line":4,"column":2},"end":{"line":12,"column":null}},"1":{"start":{"line":11,"column":4},"end":{"line":11,"column":null}},"2":{"start":{"line":14,"column":20},"end":{"line":14,"column":null}},"3":{"start":{"line":16,"column":2},"end":{"line":27,"column":null}},"4":{"start":{"line":17,"column":4},"end":{"line":17,"column":null}},"5":{"start":{"line":18,"column":4},"end":{"line":23,"column":null}},"6":{"start":{"line":19,"column":6},"end":{"line":19,"column":null}},"7":{"start":{"line":20,"column":6},"end":{"line":22,"column":null}},"8":{"start":{"line":21,"column":8},"end":{"line":21,"column":null}},"9":{"start":{"line":24,"column":4},"end":{"line":24,"column":null}},"10":{"start":{"line":26,"column":4},"end":{"line":26,"column":null}},"11":{"start":{"line":29,"column":2},"end":{"line":31,"column":null}},"12":{"start":{"line":30,"column":4},"end":{"line":30,"column":null}},"13":{"start":{"line":33,"column":2},"end":{"line":39,"column":null}},"14":{"start":{"line":34,"column":4},"end":{"line":34,"column":null}},"15":{"start":{"line":35,"column":4},"end":{"line":37,"column":null}},"16":{"start":{"line":36,"column":6},"end":{"line":36,"column":null}},"17":{"start":{"line":38,"column":4},"end":{"line":38,"column":null}},"18":{"start":{"line":41,"column":2},"end":{"line":45,"column":null}},"19":{"start":{"line":42,"column":4},"end":{"line":42,"column":null}},"20":{"start":{"line":44,"column":4},"end":{"line":44,"column":null}},"21":{"start":{"line":47,"column":2},"end":{"line":51,"column":null}},"22":{"start":{"line":48,"column":4},"end":{"line":48,"column":null}},"23":{"start":{"line":50,"column":4},"end":{"line":50,"column":null}},"24":{"start":{"line":53,"column":2},"end":{"line":53,"column":null}}},"fnMap":{"0":{"name":"getDescription","decl":{"start":{"line":3,"column":16},"end":{"line":3,"column":31}},"loc":{"start":{"line":3,"column":53},"end":{"line":54,"column":null}}}},"branchMap":{"0":{"loc":{"start":{"line":4,"column":2},"end":{"line":12,"column":null}},"type":"if","locations":[{"start":{"line":4,"column":2},"end":{"line":12,"column":null}},{"start":{},"end":{}}]},"1":{"loc":{"start":{"line":5,"column":4},"end":{"line":9,"column":null}},"type":"binary-expr","locations":[{"start":{"line":5,"column":4},"end":{"line":5,"column":null}},{"start":{"line":6,"column":4},"end":{"line":6,"column":null}},{"start":{"line":7,"column":4},"end":{"line":7,"column":null}},{"start":{"line":8,"column":4},"end":{"line":8,"column":null}},{"start":{"line":9,"column":4},"end":{"line":9,"column":null}}]},"2":{"loc":{"start":{"line":16,"column":2},"end":{"line":27,"column":null}},"type":"if","locations":[{"start":{"line":16,"column":2},"end":{"line":27,"column":null}},{"start":{"line":25,"column":9},"end":{"line":27,"column":null}}]},"3":{"loc":{"start":{"line":18,"column":4},"end":{"line":23,"column":null}},"type":"if","locations":[{"start":{"line":18,"column":4},"end":{"line":23,"column":null}},{"start":{},"end":{}}]},"4":{"loc":{"start":{"line":20,"column":6},"end":{"line":22,"column":null}},"type":"if","locations":[{"start":{"line":20,"column":6},"end":{"line":22,"column":null}},{"start":{},"end":{}}]},"5":{"loc":{"start":{"line":29,"column":2},"end":{"line":31,"column":null}},"type":"if","locations":[{"start":{"line":29,"column":2},"end":{"line":31,"column":null}},{"start":{},"end":{}}]},"6":{"loc":{"start":{"line":33,"column":2},"end":{"line":39,"column":null}},"type":"if","locations":[{"start":{"line":33,"column":2},"end":{"line":39,"column":null}},{"start":{},"end":{}}]},"7":{"loc":{"start":{"line":35,"column":4},"end":{"line":37,"column":null}},"type":"if","locations":[{"start":{"line":35,"column":4},"end":{"line":37,"column":null}},{"start":{},"end":{}}]},"8":{"loc":{"start":{"line":41,"column":2},"end":{"line":45,"column":null}},"type":"if","locations":[{"start":{"line":41,"column":2},"end":{"line":45,"column":null}},{"start":{"line":43,"column":9},"end":{"line":45,"column":null}}]},"9":{"loc":{"start":{"line":47,"column":2},"end":{"line":51,"column":null}},"type":"if","locations":[{"start":{"line":47,"column":2},"end":{"line":51,"column":null}},{"start":{"line":49,"column":9},"end":{"line":51,"column":null}}]}},"s":{"0":0,"1":0,"2":0,"3":0,"4":0,"5":0,"6":0,"7":0,"8":0,"9":0,"10":0,"11":0,"12":0,"13":0,"14":0,"15":0,"16":0,"17":0,"18":0,"19":0,"20":0,"21":0,"22":0,"23":0,"24":0},"f":{"0":0},"b":{"0":[0,0],"1":[0,0,0,0,0],"2":[0,0],"3":[0,0],"4":[0,0],"5":[0,0],"6":[0,0],"7":[0,0],"8":[0,0],"9":[0,0]}}
}
